[2026-06-30 16:58:33] STEP: Checking Prerequisites
[2026-06-30 16:58:33] SUCCESS: git is installed
[2026-06-30 16:58:33] SUCCESS: npm is installed
[2026-06-30 16:58:33] SUCCESS: curl is installed
[2026-06-30 16:58:33] STEP: Setting Up Environment
[2026-06-30 16:58:33] INFO: Creating .env file
[2026-06-30 17:00:37] SUCCESS: Environment configured
[2026-06-30 17:00:37] STEP: Preparing Git Repository
[2026-06-30 17:00:37] INFO: Set up git remote with: git remote add origin <url>
[2026-06-30 17:03:55] STEP: Checking Prerequisites
[2026-06-30 17:03:55] SUCCESS: git is installed
[2026-06-30 17:03:55] SUCCESS: npm is installed
[2026-06-30 17:03:55] SUCCESS: curl is installed
[2026-06-30 17:03:55] STEP: Setting Up Environment
[2026-06-30 17:03:55] SUCCESS: Environment configured
[2026-06-30 17:03:55] STEP: Preparing Git Repository
[2026-06-30 17:03:55] INFO: Set up git remote with: git remote add origin <url>
[2026-06-30 17:03:55] STEP: Checking Prerequisites
[2026-06-30 17:03:55] SUCCESS: git is installed
[2026-06-30 17:03:55] SUCCESS: npm is installed
[2026-06-30 17:03:55] SUCCESS: curl is installed
[2026-06-30 17:03:55] STEP: Setting Up Environment
[2026-06-30 17:03:55] SUCCESS: Environment configured
[2026-06-30 17:03:55] STEP: Preparing Git Repository
[2026-06-30 17:03:55] INFO: Set up git remote with: git remote add origin <url>
[2026-06-30 17:04:01] STEP: Checking Prerequisites
[2026-06-30 17:04:01] SUCCESS: git is installed
[2026-06-30 17:04:01] SUCCESS: npm is installed
[2026-06-30 17:04:01] SUCCESS: curl is installed
[2026-06-30 17:04:01] STEP: Setting Up Environment
[2026-06-30 17:04:01] SUCCESS: Environment configured
[2026-06-30 17:04:01] STEP: Preparing Git Repository
[2026-06-30 17:04:01] INFO: Set up git remote with: git remote add origin <url>
[2026-06-30 17:17:52] STEP: Checking Prerequisites
[2026-06-30 17:17:52] SUCCESS: git is installed
[2026-06-30 17:17:52] SUCCESS: npm is installed
[2026-06-30 17:17:52] SUCCESS: curl is installed
[2026-06-30 17:17:52] STEP: Setting Up Environment
[2026-06-30 17:17:52] SUCCESS: Environment configured
[2026-06-30 17:17:52] STEP: Preparing Git Repository
[2026-06-30 17:17:53] SUCCESS: Git remote: https://github.com/deathdemigodzmaks-alt/melodiespark-enterprise.git
[2026-06-30 17:17:53] INFO: Staging changes
